Iniciando pre-backup
PATH: /command:/lsiopy/bin:/usr/local/sbin:/usr/local/bin:/usr/sbin:/usr/bin:/sbin:/bin
/usr/bin/curl
curl 8.5.0 (x86_64-pc-linux-gnu) libcurl/8.5.0 OpenSSL/3.0.13 zlib/1.3 brotli/1.1.0 zstd/1.5.5 libidn2/2.3.7 libpsl/0.21.2 (+libidn2/2.3.7) libssh/0.10.6/openssl/zlib nghttp2/1.59.0 librtmp/2.3 OpenLDAP/2.6.10
Release-Date: 2023-12-06, security patched: 8.5.0-2ubuntu10.6
Protocols: dict file ftp ftps gopher gophers http https imap imaps ldap ldaps mqtt pop3 pop3s rtmp rtsp scp sftp smb smbs smtp smtps telnet tftp
Features: alt-svc AsynchDNS brotli GSS-API HSTS HTTP2 HTTPS-proxy IDN IPv6 Kerberos Largefile libz NTLM PSL SPNEGO SSL threadsafe TLS-SRP UnixSockets zstd
Testando socket...
  % Total    % Received % Xferd  Average Speed   Time    Time     Time  Current
                                 Dload  Upload   Total   Spent    Left  Speed
  0     0    0     0    0     0      0      0 --:--:-- --:--:-- --:--:--     0*   Trying /var/run/docker.sock:0...
* Connected to localhost (/run/docker.sock) port 80
> POST /v1.44/containers/nextcloud-app/stop HTTP/1.1
> Host: localhost
> User-Agent: curl/8.5.0
> Accept: */*
> 
  0     0    0     0    0     0      0      0 --:--:--  0:00:01 --:--:--     0  0     0    0     0    0     0      0      0 --:--:--  0:00:02 --:--:--     0  0     0    0     0    0     0      0      0 --:--:--  0:00:03 --:--:--     0< HTTP/1.1 204 No Content
< Api-Version: 1.53
< Docker-Experimental: false
< Ostype: linux
< Server: Docker/29.2.1 (linux)
< Date: Wed, 25 Feb 2026 02:00:50 GMT
< 
  0     0    0     0    0     0      0      0 --:--:--  0:00:03 --:--:--     0
* Connection #0 to host localhost left intact
Exit code: 0
